{
  "stats": {
    "suites": 1,
    "tests": 4,
    "passes": 4,
    "pending": 0,
    "failures": 0,
    "start": "2026-06-24T13:19:43.405Z",
    "end": "2026-06-24T13:19:49.148Z",
    "duration": 5743,
    "testsRegistered": 4,
    "passPercent": 100,
    "pendingPercent": 0,
    "other": 0,
    "hasOther": false,
    "skipped": 0,
    "hasSkipped": false
  },
  "results": [
    {
      "uuid": "f73f3a82-f8d5-4a19-aecb-98f35dd4ca26",
      "title": "",
      "fullFile": "cypress\\e2e\\checkout-regression.cy.js",
      "file": "cypress\\e2e\\checkout-regression.cy.js",
      "beforeHooks": [],
      "afterHooks": [],
      "tests": [],
      "suites": [
        {
          "uuid": "97afce6d-9fd7-4097-80be-9400338310eb",
          "title": "SauceDemo Checkout Regression",
          "fullFile": "",
          "file": "",
          "beforeHooks": [],
          "afterHooks": [],
          "tests": [
            {
              "title": "should require first name during checkout",
              "fullTitle": "SauceDemo Checkout Regression should require first name during checkout",
              "timedOut": null,
              "duration": 1272,
              "state": "passed",
              "speed": "fast",
              "pass": true,
              "fail": false,
              "pending": false,
              "context": null,
              "code": "cy.get('[data-test=\"continue\"]').click();\ncy.get('[data-test=\"error\"]').should('have.text', testData.messages.missingFirstNameError);",
              "err": {},
              "uuid": "6fad4fdb-ddd0-4a37-a433-cc2bf5fa524d",
              "parentUUID": "97afce6d-9fd7-4097-80be-9400338310eb",
              "isHook": false,
              "skipped": false
            },
            {
              "title": "should require last name during checkout",
              "fullTitle": "SauceDemo Checkout Regression should require last name during checkout",
              "timedOut": null,
              "duration": 1275,
              "state": "passed",
              "speed": "fast",
              "pass": true,
              "fail": false,
              "pending": false,
              "context": null,
              "code": "cy.get('[data-test=\"firstName\"]').type(testData.customer.firstName);\ncy.get('[data-test=\"continue\"]').click();\ncy.get('[data-test=\"error\"]').should('have.text', testData.messages.missingLastNameError);",
              "err": {},
              "uuid": "1454846d-1f7a-4773-b97d-cc12eb545c62",
              "parentUUID": "97afce6d-9fd7-4097-80be-9400338310eb",
              "isHook": false,
              "skipped": false
            },
            {
              "title": "should require postal code during checkout",
              "fullTitle": "SauceDemo Checkout Regression should require postal code during checkout",
              "timedOut": null,
              "duration": 1411,
              "state": "passed",
              "speed": "fast",
              "pass": true,
              "fail": false,
              "pending": false,
              "context": null,
              "code": "cy.get('[data-test=\"firstName\"]').type(testData.customer.firstName);\ncy.get('[data-test=\"lastName\"]').type(testData.customer.lastName);\ncy.get('[data-test=\"continue\"]').click();\ncy.get('[data-test=\"error\"]').should('have.text', testData.messages.missingPostalCodeError);",
              "err": {},
              "uuid": "fe0e1fdf-ff2f-4abf-a645-6f9bd3b36816",
              "parentUUID": "97afce6d-9fd7-4097-80be-9400338310eb",
              "isHook": false,
              "skipped": false
            },
            {
              "title": "should complete checkout successfully",
              "fullTitle": "SauceDemo Checkout Regression should complete checkout successfully",
              "timedOut": null,
              "duration": 1693,
              "state": "passed",
              "speed": "fast",
              "pass": true,
              "fail": false,
              "pending": false,
              "context": null,
              "code": "cy.get('[data-test=\"firstName\"]').type(testData.customer.firstName);\ncy.get('[data-test=\"lastName\"]').type(testData.customer.lastName);\ncy.get('[data-test=\"postalCode\"]').type(testData.customer.postalCode);\ncy.get('[data-test=\"continue\"]').click();\ncy.url().should('include', '/checkout-step-two.html');\ncy.get('[data-test=\"inventory-item-name\"]').should('have.text', testData.products.backpack.name);\ncy.get('[data-test=\"finish\"]').click();\ncy.url().should('include', '/checkout-complete.html');\ncy.get('[data-test=\"complete-header\"]').should('have.text', 'Thank you for your order!');",
              "err": {},
              "uuid": "247c36b8-1a21-4766-a4cc-9345b9ff8097",
              "parentUUID": "97afce6d-9fd7-4097-80be-9400338310eb",
              "isHook": false,
              "skipped": false
            }
          ],
          "suites": [],
          "passes": [
            "6fad4fdb-ddd0-4a37-a433-cc2bf5fa524d",
            "1454846d-1f7a-4773-b97d-cc12eb545c62",
            "fe0e1fdf-ff2f-4abf-a645-6f9bd3b36816",
            "247c36b8-1a21-4766-a4cc-9345b9ff8097"
          ],
          "failures": [],
          "pending": [],
          "skipped": [],
          "duration": 5651,
          "root": false,
          "rootEmpty": false,
          "_timeout": 2000
        }
      ],
      "passes": [],
      "failures": [],
      "pending": [],
      "skipped": [],
      "duration": 0,
      "root": true,
      "rootEmpty": true,
      "_timeout": 2000
    }
  ],
  "meta": {
    "mocha": {
      "version": "7.2.0"
    },
    "mochawesome": {
      "options": {
        "quiet": false,
        "reportFilename": "mochawesome",
        "saveHtml": true,
        "saveJson": true,
        "consoleReporter": "spec",
        "useInlineDiffs": false,
        "code": true
      },
      "version": "7.1.4"
    },
    "marge": {
      "options": {
        "reportDir": "cypress/reports",
        "overwrite": false,
        "html": true,
        "json": true,
        "timestamp": "mmddyyyy_HHMMss"
      },
      "version": "6.3.2"
    }
  }
}