{
  "stats": {
    "suites": 1,
    "tests": 3,
    "passes": 3,
    "pending": 0,
    "failures": 0,
    "start": "2026-06-24T13:19:51.298Z",
    "end": "2026-06-24T13:19:54.308Z",
    "duration": 3010,
    "testsRegistered": 3,
    "passPercent": 100,
    "pendingPercent": 0,
    "other": 0,
    "hasOther": false,
    "skipped": 0,
    "hasSkipped": false
  },
  "results": [
    {
      "uuid": "75236e1c-e5dc-46ef-8f14-cf1a143bf76d",
      "title": "",
      "fullFile": "cypress\\e2e\\inventory-regression.cy.js",
      "file": "cypress\\e2e\\inventory-regression.cy.js",
      "beforeHooks": [],
      "afterHooks": [],
      "tests": [],
      "suites": [
        {
          "uuid": "93b601b8-8c73-4371-84ad-3c41940b922b",
          "title": "SauceDemo Inventory Regression",
          "fullFile": "",
          "file": "",
          "beforeHooks": [],
          "afterHooks": [],
          "tests": [
            {
              "title": "should display products page",
              "fullTitle": "SauceDemo Inventory Regression should display products page",
              "timedOut": null,
              "duration": 1009,
              "state": "passed",
              "speed": "fast",
              "pass": true,
              "fail": false,
              "pending": false,
              "context": null,
              "code": "cy.url().should('include', '/inventory.html');\ncy.get('[data-test=\"title\"]').should('have.text', 'Products');\ncy.get('[data-test=\"inventory-item\"]').should('have.length', 6);",
              "err": {},
              "uuid": "f7a70d83-ef32-45d8-ae1f-b4558908851d",
              "parentUUID": "93b601b8-8c73-4371-84ad-3c41940b922b",
              "isHook": false,
              "skipped": false
            },
            {
              "title": "should sort products by name descending",
              "fullTitle": "SauceDemo Inventory Regression should sort products by name descending",
              "timedOut": null,
              "duration": 1083,
              "state": "passed",
              "speed": "fast",
              "pass": true,
              "fail": false,
              "pending": false,
              "context": null,
              "code": "cy.get('[data-test=\"product-sort-container\"]').select(testData.sortOptions.nameDesc);\ncy.get('[data-test=\"inventory-item\"]').first().should('contain.text', 'Test.allTheThings() T-Shirt (Red)');",
              "err": {},
              "uuid": "378c9bd3-e896-414a-a531-fac0d1d1530f",
              "parentUUID": "93b601b8-8c73-4371-84ad-3c41940b922b",
              "isHook": false,
              "skipped": false
            },
            {
              "title": "should sort products by price ascending",
              "fullTitle": "SauceDemo Inventory Regression should sort products by price ascending",
              "timedOut": null,
              "duration": 849,
              "state": "passed",
              "speed": "fast",
              "pass": true,
              "fail": false,
              "pending": false,
              "context": null,
              "code": "cy.get('[data-test=\"product-sort-container\"]').select(testData.sortOptions.priceAsc);\ncy.get('[data-test=\"inventory-item\"]').first().should('contain.text', testData.products.onesie.name).and('contain.text', testData.products.onesie.price);",
              "err": {},
              "uuid": "6146976f-d6f9-4b11-b9a8-5611c5e975e4",
              "parentUUID": "93b601b8-8c73-4371-84ad-3c41940b922b",
              "isHook": false,
              "skipped": false
            }
          ],
          "suites": [],
          "passes": [
            "f7a70d83-ef32-45d8-ae1f-b4558908851d",
            "378c9bd3-e896-414a-a531-fac0d1d1530f",
            "6146976f-d6f9-4b11-b9a8-5611c5e975e4"
          ],
          "failures": [],
          "pending": [],
          "skipped": [],
          "duration": 2941,
          "root": false,
          "rootEmpty": false,
          "_timeout": 2000
        }
      ],
      "passes": [],
      "failures": [],
      "pending": [],
      "skipped": [],
      "duration": 0,
      "root": true,
      "rootEmpty": true,
      "_timeout": 2000
    }
  ],
  "meta": {
    "mocha": {
      "version": "7.2.0"
    },
    "mochawesome": {
      "options": {
        "quiet": false,
        "reportFilename": "mochawesome",
        "saveHtml": true,
        "saveJson": true,
        "consoleReporter": "spec",
        "useInlineDiffs": false,
        "code": true
      },
      "version": "7.1.4"
    },
    "marge": {
      "options": {
        "reportDir": "cypress/reports",
        "overwrite": false,
        "html": true,
        "json": true,
        "timestamp": "mmddyyyy_HHMMss"
      },
      "version": "6.3.2"
    }
  }
}