{
  "stats": {
    "suites": 1,
    "tests": 3,
    "passes": 3,
    "pending": 0,
    "failures": 0,
    "start": "2026-06-22T20:44:02.949Z",
    "end": "2026-06-22T20:44:05.544Z",
    "duration": 2595,
    "testsRegistered": 3,
    "passPercent": 100,
    "pendingPercent": 0,
    "other": 0,
    "hasOther": false,
    "skipped": 0,
    "hasSkipped": false
  },
  "results": [
    {
      "uuid": "ad7fb6e3-69b0-41cb-bd94-6c78f6b8463d",
      "title": "",
      "fullFile": "cypress\\e2e\\login-regression.cy.js",
      "file": "cypress\\e2e\\login-regression.cy.js",
      "beforeHooks": [],
      "afterHooks": [],
      "tests": [],
      "suites": [
        {
          "uuid": "df40aed1-03b3-428e-9d3d-b64ff710ead3",
          "title": "SauceDemo Login Regression",
          "fullFile": "",
          "file": "",
          "beforeHooks": [],
          "afterHooks": [],
          "tests": [
            {
              "title": "should login successfully with valid credentials",
              "fullTitle": "SauceDemo Login Regression should login successfully with valid credentials",
              "timedOut": null,
              "duration": 936,
              "state": "passed",
              "speed": "fast",
              "pass": true,
              "fail": false,
              "pending": false,
              "context": null,
              "code": "cy.login(testData.users.standardUser.username, testData.users.standardUser.password);\ncy.url().should('include', '/inventory.html');\ncy.get('[data-test=\"title\"]').should('have.text', 'Products');",
              "err": {},
              "uuid": "a65ec3cd-38c1-4d9a-a516-c36765d3e750",
              "parentUUID": "df40aed1-03b3-428e-9d3d-b64ff710ead3",
              "isHook": false,
              "skipped": false
            },
            {
              "title": "should show error for locked out user",
              "fullTitle": "SauceDemo Login Regression should show error for locked out user",
              "timedOut": null,
              "duration": 777,
              "state": "passed",
              "speed": "fast",
              "pass": true,
              "fail": false,
              "pending": false,
              "context": null,
              "code": "cy.login(testData.users.lockedOutUser.username, testData.users.lockedOutUser.password);\ncy.get('[data-test=\"error\"]').should('have.text', testData.messages.lockedOutUserError);",
              "err": {},
              "uuid": "6301ea2d-7e76-460f-bc97-c763717d49a3",
              "parentUUID": "df40aed1-03b3-428e-9d3d-b64ff710ead3",
              "isHook": false,
              "skipped": false
            },
            {
              "title": "should show error for invalid credentials",
              "fullTitle": "SauceDemo Login Regression should show error for invalid credentials",
              "timedOut": null,
              "duration": 807,
              "state": "passed",
              "speed": "fast",
              "pass": true,
              "fail": false,
              "pending": false,
              "context": null,
              "code": "cy.login(testData.users.invalidUser.username, testData.users.invalidUser.password);\ncy.get('[data-test=\"error\"]').should('have.text', testData.messages.invalidCredentialsError);",
              "err": {},
              "uuid": "1c8341e7-dee5-4b18-96a3-2fce72e57e55",
              "parentUUID": "df40aed1-03b3-428e-9d3d-b64ff710ead3",
              "isHook": false,
              "skipped": false
            }
          ],
          "suites": [],
          "passes": [
            "a65ec3cd-38c1-4d9a-a516-c36765d3e750",
            "6301ea2d-7e76-460f-bc97-c763717d49a3",
            "1c8341e7-dee5-4b18-96a3-2fce72e57e55"
          ],
          "failures": [],
          "pending": [],
          "skipped": [],
          "duration": 2520,
          "root": false,
          "rootEmpty": false,
          "_timeout": 2000
        }
      ],
      "passes": [],
      "failures": [],
      "pending": [],
      "skipped": [],
      "duration": 0,
      "root": true,
      "rootEmpty": true,
      "_timeout": 2000
    }
  ],
  "meta": {
    "mocha": {
      "version": "7.2.0"
    },
    "mochawesome": {
      "options": {
        "quiet": false,
        "reportFilename": "mochawesome",
        "saveHtml": true,
        "saveJson": true,
        "consoleReporter": "spec",
        "useInlineDiffs": false,
        "code": true
      },
      "version": "7.1.4"
    },
    "marge": {
      "options": {
        "reportDir": "cypress/reports",
        "overwrite": false,
        "html": true,
        "json": true,
        "timestamp": "mmddyyyy_HHMMss"
      },
      "version": "6.3.2"
    }
  }
}