{
  "stats": {
    "suites": 1,
    "tests": 3,
    "passes": 3,
    "pending": 0,
    "failures": 0,
    "start": "2026-06-22T20:43:58.020Z",
    "end": "2026-06-22T20:44:00.862Z",
    "duration": 2842,
    "testsRegistered": 3,
    "passPercent": 100,
    "pendingPercent": 0,
    "other": 0,
    "hasOther": false,
    "skipped": 0,
    "hasSkipped": false
  },
  "results": [
    {
      "uuid": "311f1404-630e-48f4-b3ae-d48dc75ff89f",
      "title": "",
      "fullFile": "cypress\\e2e\\inventory-regression.cy.js",
      "file": "cypress\\e2e\\inventory-regression.cy.js",
      "beforeHooks": [],
      "afterHooks": [],
      "tests": [],
      "suites": [
        {
          "uuid": "4d809077-4357-4ce9-a4d2-69e2ab3fdccd",
          "title": "SauceDemo Inventory Regression",
          "fullFile": "",
          "file": "",
          "beforeHooks": [],
          "afterHooks": [],
          "tests": [
            {
              "title": "should display products page",
              "fullTitle": "SauceDemo Inventory Regression should display products page",
              "timedOut": null,
              "duration": 987,
              "state": "passed",
              "speed": "fast",
              "pass": true,
              "fail": false,
              "pending": false,
              "context": null,
              "code": "cy.url().should('include', '/inventory.html');\ncy.get('[data-test=\"title\"]').should('have.text', 'Products');\ncy.get('[data-test=\"inventory-item\"]').should('have.length', 6);",
              "err": {},
              "uuid": "04ca9ba2-7670-496f-9f60-c60bd01a6493",
              "parentUUID": "4d809077-4357-4ce9-a4d2-69e2ab3fdccd",
              "isHook": false,
              "skipped": false
            },
            {
              "title": "should sort products by name descending",
              "fullTitle": "SauceDemo Inventory Regression should sort products by name descending",
              "timedOut": null,
              "duration": 881,
              "state": "passed",
              "speed": "fast",
              "pass": true,
              "fail": false,
              "pending": false,
              "context": null,
              "code": "cy.get('[data-test=\"product-sort-container\"]').select(testData.sortOptions.nameDesc);\ncy.get('[data-test=\"inventory-item\"]').first().should('contain.text', 'Test.allTheThings() T-Shirt (Red)');",
              "err": {},
              "uuid": "81535fb1-86fb-42f1-8393-e572a65b6f57",
              "parentUUID": "4d809077-4357-4ce9-a4d2-69e2ab3fdccd",
              "isHook": false,
              "skipped": false
            },
            {
              "title": "should sort products by price ascending",
              "fullTitle": "SauceDemo Inventory Regression should sort products by price ascending",
              "timedOut": null,
              "duration": 903,
              "state": "passed",
              "speed": "fast",
              "pass": true,
              "fail": false,
              "pending": false,
              "context": null,
              "code": "cy.get('[data-test=\"product-sort-container\"]').select(testData.sortOptions.priceAsc);\ncy.get('[data-test=\"inventory-item\"]').first().should('contain.text', testData.products.onesie.name).and('contain.text', testData.products.onesie.price);",
              "err": {},
              "uuid": "d8919a61-3e7a-43eb-b317-fa5f8044ecc2",
              "parentUUID": "4d809077-4357-4ce9-a4d2-69e2ab3fdccd",
              "isHook": false,
              "skipped": false
            }
          ],
          "suites": [],
          "passes": [
            "04ca9ba2-7670-496f-9f60-c60bd01a6493",
            "81535fb1-86fb-42f1-8393-e572a65b6f57",
            "d8919a61-3e7a-43eb-b317-fa5f8044ecc2"
          ],
          "failures": [],
          "pending": [],
          "skipped": [],
          "duration": 2771,
          "root": false,
          "rootEmpty": false,
          "_timeout": 2000
        }
      ],
      "passes": [],
      "failures": [],
      "pending": [],
      "skipped": [],
      "duration": 0,
      "root": true,
      "rootEmpty": true,
      "_timeout": 2000
    }
  ],
  "meta": {
    "mocha": {
      "version": "7.2.0"
    },
    "mochawesome": {
      "options": {
        "quiet": false,
        "reportFilename": "mochawesome",
        "saveHtml": true,
        "saveJson": true,
        "consoleReporter": "spec",
        "useInlineDiffs": false,
        "code": true
      },
      "version": "7.1.4"
    },
    "marge": {
      "options": {
        "reportDir": "cypress/reports",
        "overwrite": false,
        "html": true,
        "json": true,
        "timestamp": "mmddyyyy_HHMMss"
      },
      "version": "6.3.2"
    }
  }
}